[2025-05-31T16:00:53.8588933Z] INICIANDO SEQUÊNCIA DE STARTUP DA APLICAÇÃO GSAPI...
[2025-05-31T16:00:54.0528678Z] WebApplication.CreateBuilder concluído. Argumentos: 
[2025-05-31T16:00:54.0532497Z] Provedores de logging (Console, Debug) configurados no builder.Logging.
[2025-05-31T16:00:54.4246136Z] TENTANDO EXECUTAR APP.RUN()... (Pode não haver mais logs no console após este ponto se tudo correr bem aqui)
[2025-05-31T20:18:00.3246007Z] INICIANDO SEQUÊNCIA DE STARTUP DA APLICAÇÃO GSAPI...
[2025-05-31T20:18:00.5104598Z] WebApplication.CreateBuilder concluído. Argumentos: 
[2025-05-31T20:18:00.5107686Z] Provedores de logging (Console, Debug) configurados no builder.Logging.
[2025-05-31T20:18:00.9853250Z] TENTANDO EXECUTAR APP.RUN()...
[2025-05-31T21:12:24.4485291Z] INICIANDO SEQUÊNCIA DE STARTUP DA APLICAÇÃO GSAPI...
[2025-05-31T21:12:24.6352071Z] WebApplication.CreateBuilder concluído. Argumentos: 
[2025-05-31T21:12:24.6355550Z] Provedores de logging (Console, Debug) configurados no builder.Logging.
[2025-05-31T21:12:24.9761434Z] TENTANDO EXECUTAR APP.RUN()...
[2025-05-31T21:23:37.6234988Z] INICIANDO SEQUÊNCIA DE STARTUP DA APLICAÇÃO GSAPI...
[2025-05-31T21:23:37.8042440Z] WebApplication.CreateBuilder concluído. Argumentos: 
[2025-05-31T21:23:37.8045721Z] Provedores de logging (Console, Debug) configurados no builder.Logging.
[2025-05-31T21:23:38.7210248Z] TENTANDO EXECUTAR APP.RUN()...
[2025-05-31T21:34:39.0057534Z] INICIANDO SEQUÊNCIA DE STARTUP DA APLICAÇÃO GSAPI...
[2025-05-31T21:34:39.1975765Z] WebApplication.CreateBuilder concluído. Argumentos: 
[2025-05-31T21:34:39.1979198Z] Provedores de logging (Console, Debug) configurados no builder.Logging.
[2025-05-31T21:34:39.5371771Z] TENTANDO EXECUTAR APP.RUN()...
[2025-05-31T21:48:34.2987509Z] INICIANDO SEQUNCIA DE STARTUP DA APLICAO GSAPI...
[2025-05-31T21:48:34.4956002Z] WebApplication.CreateBuilder concludo. Argumentos: 
[2025-05-31T21:48:34.4959404Z] Provedores de logging (Console, Debug) configurados no builder.Logging.
[2025-05-31T21:48:35.3273524Z] TENTANDO EXECUTAR APP.RUN()...
[2025-05-31T22:08:48.3868018Z] INICIANDO SEQUNCIA DE STARTUP DA APLICAO GSAPI...
[2025-05-31T22:08:48.5941038Z] WebApplication.CreateBuilder concludo. Argumentos: 
[2025-05-31T22:08:48.5944509Z] Provedores de logging (Console, Debug) configurados no builder.Logging.
[2025-05-31T22:08:49.0656606Z] TENTANDO EXECUTAR APP.RUN()...
[2025-05-31T22:25:50.5699958Z] INICIANDO SEQUNCIA DE STARTUP DA APLICAO GSAPI...
[2025-05-31T22:25:50.7537414Z] WebApplication.CreateBuilder concludo. Argumentos: 
[2025-05-31T22:25:50.7541112Z] Provedores de logging (Console, Debug) configurados no builder.Logging.
[2025-05-31T22:25:51.5807565Z] TENTANDO EXECUTAR APP.RUN()...
[2025-05-31T22:26:08.1983736Z] INICIANDO SEQUNCIA DE STARTUP DA APLICAO GSAPI...
[2025-05-31T22:26:08.3768307Z] WebApplication.CreateBuilder concludo. Argumentos: 
[2025-05-31T22:26:08.3771568Z] Provedores de logging (Console, Debug) configurados no builder.Logging.
[2025-05-31T22:26:08.7218813Z] TENTANDO EXECUTAR APP.RUN()...
[2025-05-31T22:58:07.9431073Z] INICIANDO SEQUNCIA DE STARTUP DA APLICAO GSAPI...
[2025-05-31T22:58:08.5747302Z] TENTANDO EXECUTAR APP.RUN()...
[2025-05-31T22:58:30.6241547Z] INICIANDO SEQUNCIA DE STARTUP DA APLICAO GSAPI...
[2025-05-31T22:58:31.3266055Z] TENTANDO EXECUTAR APP.RUN()...
[2025-05-31T23:14:53.8150947Z] INICIANDO SEQUNCIA DE STARTUP DA APLICAO GSAPI...
[2025-05-31T23:14:54.4524075Z] TENTANDO EXECUTAR APP.RUN()...
[2025-05-31T23:23:39.5381112Z] INICIANDO SEQUNCIA DE STARTUP DA APLICAO GSAPI...
[2025-05-31T23:23:40.6658068Z] TENTANDO EXECUTAR APP.RUN()...
[2025-05-31T23:29:29.5817903Z] INICIANDO SEQUNCIA DE STARTUP DA APLICAO GSAPI...
[2025-05-31T23:29:29.7564079Z] WebApplication.CreateBuilder concludo. Argumentos: 
[2025-05-31T23:29:29.7567504Z] Provedores de logging (Console, Debug) configurados no builder.Logging.
[2025-05-31T23:29:30.2630994Z] TENTANDO EXECUTAR APP.RUN()...
